DoubleScreen/Double_screen_different_show/app/build/intermediates/manifest_merge_blame_file/debug/manifest-merger-blame-debug-report.txt
1<?xml version="1.0" encoding="utf-8"?>
2<manifest xmlns:android="http://schemas.android.com/apk/res/android"
3    package="com.demo.double_screen_different_show"
4    android:versionCode="1"
5    android:versionName="1.0" >
6
7    <uses-sdk
8        android:minSdkVersion="8"
8-->src\main\AndroidManifest.xml
9        android:targetSdkVersion="17" />
9-->src\main\AndroidManifest.xml
10
11    <!-- <uses-sdk -->
12    <!-- android:minSdkVersion="8" -->
13    <!-- android:targetSdkVersion="17" /> -->
14    <!-- 显示系统窗口权限 -->
15    <uses-permission android:name="android.permission.SYSTEM_ALERT_WINDOW" />
15-->src\main\AndroidManifest.xml:11:5-77
15-->src\main\AndroidManifest.xml:11:22-75
16    <!-- 在 屏幕最顶部显示addview -->
17    <uses-permission android:name="android.permission.SYSTEM_OVERLAY_WINDOW" />
17-->src\main\AndroidManifest.xml:13:5-80
17-->src\main\AndroidManifest.xml:13:22-77
18    <uses-permission android:name="android.permission.WRITE_EXTERNAL_STORAGE" />
18-->src\main\AndroidManifest.xml:16:3-78
18-->src\main\AndroidManifest.xml:16:20-76
19    <uses-permission android:name="android.permission.MOUNT_UNMOUNT_FILESYSTEMS" />
19-->src\main\AndroidManifest.xml:17:5-83
19-->src\main\AndroidManifest.xml:17:22-81
20
21    <application
21-->src\main\AndroidManifest.xml:18:5-61:19
22        android:allowBackup="true"
22-->src\main\AndroidManifest.xml:19:9-35
23        android:debuggable="true"
24        android:icon="@drawable/ic_launcher"
24-->src\main\AndroidManifest.xml:20:9-45
25        android:label="@string/app_name"
25-->src\main\AndroidManifest.xml:21:9-41
26        android:theme="@style/AppTheme" >
26-->src\main\AndroidManifest.xml:22:9-40
27        <activity
27-->src\main\AndroidManifest.xml:23:9-52:20
28            android:name="com.demo.double_screen_different_show.MainActivity"
28-->src\main\AndroidManifest.xml:24:13-78
29            android:label="@string/app_name" >
29-->src\main\AndroidManifest.xml:25:13-45
30            <intent-filter>
30-->src\main\AndroidManifest.xml:26:13-33:29
31                <action android:name="android.intent.action.MAIN" />
31-->src\main\AndroidManifest.xml:27:17-69
31-->src\main\AndroidManifest.xml:27:25-66
32
33                <category android:name="android.intent.category.LAUNCHER" />
33-->src\main\AndroidManifest.xml:29:17-77
33-->src\main\AndroidManifest.xml:29:27-74
34            </intent-filter>
35            <intent-filter>
35-->src\main\AndroidManifest.xml:34:13-50:30
36                <action android:name="android.intent.action.VIEW" />
36-->src\main\AndroidManifest.xml:35:17-69
36-->src\main\AndroidManifest.xml:35:25-66
37
38                <category android:name="android.intent.category.DEFAULT" />
38-->src\main\AndroidManifest.xml:36:17-76
38-->src\main\AndroidManifest.xml:36:27-73
39                <category android:name="android.intent.category.BROWSABLE" />
39-->src\main\AndroidManifest.xml:37:17-78
39-->src\main\AndroidManifest.xml:37:27-75
40
41                <data android:scheme="http" />
41-->src\main\AndroidManifest.xml:38:17-47
41-->src\main\AndroidManifest.xml:38:23-44
42                <data android:scheme="https" />
42-->src\main\AndroidManifest.xml:38:17-47
42-->src\main\AndroidManifest.xml:38:23-44
43                <data android:scheme="content" />
43-->src\main\AndroidManifest.xml:38:17-47
43-->src\main\AndroidManifest.xml:38:23-44
44                <data android:scheme="file" />
44-->src\main\AndroidManifest.xml:38:17-47
44-->src\main\AndroidManifest.xml:38:23-44
45                <data android:mimeType="video/mpeg4" />
45-->src\main\AndroidManifest.xml:38:17-47
45-->src\main\AndroidManifest.xml:42:23-53
46                <data android:mimeType="video/mp4" />
46-->src\main\AndroidManifest.xml:38:17-47
46-->src\main\AndroidManifest.xml:42:23-53
47                <data android:mimeType="video/3gp" />
47-->src\main\AndroidManifest.xml:38:17-47
47-->src\main\AndroidManifest.xml:42:23-53
48                <data android:mimeType="video/3gpp" />
48-->src\main\AndroidManifest.xml:38:17-47
48-->src\main\AndroidManifest.xml:42:23-53
49                <data android:mimeType="video/3gpp2" />
49-->src\main\AndroidManifest.xml:38:17-47
49-->src\main\AndroidManifest.xml:42:23-53
50                <data android:mimeType="video/webm" />
50-->src\main\AndroidManifest.xml:38:17-47
50-->src\main\AndroidManifest.xml:42:23-53
51                <data android:mimeType="video/avi" />
51-->src\main\AndroidManifest.xml:38:17-47
51-->src\main\AndroidManifest.xml:42:23-53
52                <data android:mimeType="application/sdp" />
52-->src\main\AndroidManifest.xml:38:17-47
52-->src\main\AndroidManifest.xml:42:23-53
53            </intent-filter>
54        </activity>
55
56        <service android:name="com.demo.double_screen_different_show.XgguoService" >
56-->src\main\AndroidManifest.xml:54:2-60:13
56-->src\main\AndroidManifest.xml:54:11-76
57            <intent-filter
57-->src\main\AndroidManifest.xml:55:4-59:20
58                android:persistent="true"
58-->src\main\AndroidManifest.xml:56:17-42
59                android:priority="1000" >
59-->src\main\AndroidManifest.xml:55:19-42
60                <action android:name="com.demo.double_screen_different_show.XgguoService" />
60-->src\main\AndroidManifest.xml:58:16-92
60-->src\main\AndroidManifest.xml:58:24-89
61            </intent-filter>
62        </service>
63    </application>
64
65</manifest>